{"$message_type":"diagnostic","message":"expected value, found module `self`","code":{"code":"E0424","explanation":"The `self` keyword was used inside of an associated function without a \"`self`\nreceiver\" parameter.\n\nErroneous code example:\n\n```compile_fail,E0424\nstruct Foo;\n\nimpl Foo {\n    // `bar` is a method, because it has a receiver parameter.\n    fn bar(&self) {}\n\n    // `foo` is not a method, because it has no receiver parameter.\n    fn foo() {\n        self.bar(); // error: `self` value is a keyword only available in\n                    //        methods with a `self` parameter\n    }\n}\n```\n\nThe `self` keyword can only be used inside methods, which are associated\nfunctions (functions defined inside of a `trait` or `impl` block) that have a\n`self` receiver as its first parameter, like `self`, `&self`, `&mut self` or\n`self: &mut Pin<Self>` (this last one is an example of an [\"arbitrary `self`\ntype\"](https://github.com/rust-lang/rust/issues/44874)).\n\nCheck if the associated function's parameter list should have contained a `self`\nreceiver for it to be a method, and add it if so. Example:\n\n```\nstruct Foo;\n\nimpl Foo {\n    fn bar(&self) {}\n\n    fn foo(self) { // `foo` is now a method.\n        self.bar(); // ok!\n    }\n}\n```\n"},"level":"error","spans":[{"file_name":"src/main.rs","byte_start":495,"byte_end":499,"line_start":36,"line_end":36,"column_start":50,"column_end":54,"is_primary":true,"text":[{"text":"  let mut StrInput =  io::stdin().read_line(&mut self);","highlight_start":50,"highlight_end":54}],"label":"`self` value is a keyword only available in methods with a `self` parameter","suggested_replacement":null,"suggestion_applicability":null,"expansion":null},{"file_name":"src/main.rs","byte_start":330,"byte_end":334,"line_start":28,"line_end":28,"column_start":4,"column_end":8,"is_primary":false,"text":[{"text":"fn main() {","highlight_start":4,"highlight_end":8}],"label":"this function can't have a `self` parameter","suggested_replacement":null,"suggestion_applicability":null,"expansion":null}],"children":[],"rendered":"\u001b[0m\u001b[1m\u001b[38;5;9merror[E0424]\u001b[0m\u001b[0m\u001b[1m: expected value, found module `self`\u001b[0m\n\u001b[0m  \u001b[0m\u001b[0m\u001b[1m\u001b[38;5;12m--> \u001b[0m\u001b[0msrc/main.rs:36:50\u001b[0m\n\u001b[0m   \u001b[0m\u001b[0m\u001b[1m\u001b[38;5;12m|\u001b[0m\n\u001b[0m\u001b[1m\u001b[38;5;12m28\u001b[0m\u001b[0m \u001b[0m\u001b[0m\u001b[1m\u001b[38;5;12m|\u001b[0m\u001b[0m \u001b[0m\u001b[0mfn main() {\u001b[0m\n\u001b[0m   \u001b[0m\u001b[0m\u001b[1m\u001b[38;5;12m|\u001b[0m\u001b[0m    \u001b[0m\u001b[0m\u001b[1m\u001b[38;5;12m----\u001b[0m\u001b[0m \u001b[0m\u001b[0m\u001b[1m\u001b[38;5;12mthis function can't have a `self` parameter\u001b[0m\n\u001b[0m\u001b[1m\u001b[38;5;12m...\u001b[0m\n\u001b[0m\u001b[1m\u001b[38;5;12m36\u001b[0m\u001b[0m \u001b[0m\u001b[0m\u001b[1m\u001b[38;5;12m|\u001b[0m\u001b[0m \u001b[0m\u001b[0m  let mut StrInput =  io::stdin().read_line(&mut self);\u001b[0m\n\u001b[0m   \u001b[0m\u001b[0m\u001b[1m\u001b[38;5;12m|\u001b[0m\u001b[0m                                                  \u001b[0m\u001b[0m\u001b[1m\u001b[38;5;9m^^^^\u001b[0m\u001b[0m \u001b[0m\u001b[0m\u001b[1m\u001b[38;5;9m`self` value is a keyword only available in methods with a `self` parameter\u001b[0m\n\n"}
{"$message_type":"diagnostic","message":"no method named `trim` found for enum `Result<T, E>` in the current scope","code":{"code":"E0599","explanation":"This error occurs when a method is used on a type which doesn't implement it:\n\nErroneous code example:\n\n```compile_fail,E0599\nstruct Mouth;\n\nlet x = Mouth;\nx.chocolate(); // error: no method named `chocolate` found for type `Mouth`\n               //        in the current scope\n```\n\nIn this case, you need to implement the `chocolate` method to fix the error:\n\n```\nstruct Mouth;\n\nimpl Mouth {\n    fn chocolate(&self) { // We implement the `chocolate` method here.\n        println!(\"Hmmm! I love chocolate!\");\n    }\n}\n\nlet x = Mouth;\nx.chocolate(); // ok!\n```\n"},"level":"error","spans":[{"file_name":"src/main.rs","byte_start":527,"byte_end":531,"line_start":37,"line_end":37,"column_start":26,"column_end":30,"is_primary":true,"text":[{"text":"    let Input = StrInput.trim().parse();","highlight_start":26,"highlight_end":30}],"label":"method not found in `Result<usize, std::io::Error>`","suggested_replacement":null,"suggestion_applicability":null,"expansion":null}],"children":[],"rendered":"\u001b[0m\u001b[1m\u001b[38;5;9merror[E0599]\u001b[0m\u001b[0m\u001b[1m: no method named `trim` found for enum `Result<T, E>` in the current scope\u001b[0m\n\u001b[0m  \u001b[0m\u001b[0m\u001b[1m\u001b[38;5;12m--> \u001b[0m\u001b[0msrc/main.rs:37:26\u001b[0m\n\u001b[0m   \u001b[0m\u001b[0m\u001b[1m\u001b[38;5;12m|\u001b[0m\n\u001b[0m\u001b[1m\u001b[38;5;12m37\u001b[0m\u001b[0m \u001b[0m\u001b[0m\u001b[1m\u001b[38;5;12m|\u001b[0m\u001b[0m \u001b[0m\u001b[0m    let Input = StrInput.trim().parse();\u001b[0m\n\u001b[0m   \u001b[0m\u001b[0m\u001b[1m\u001b[38;5;12m|\u001b[0m\u001b[0m                          \u001b[0m\u001b[0m\u001b[1m\u001b[38;5;9m^^^^\u001b[0m\u001b[0m \u001b[0m\u001b[0m\u001b[1m\u001b[38;5;9mmethod not found in `Result<usize, std::io::Error>`\u001b[0m\n\n"}
{"$message_type":"diagnostic","message":"aborting due to 2 previous errors","code":null,"level":"error","spans":[],"children":[],"rendered":"\u001b[0m\u001b[1m\u001b[38;5;9merror\u001b[0m\u001b[0m\u001b[1m: aborting due to 2 previous errors\u001b[0m\n\n"}
{"$message_type":"diagnostic","message":"Some errors have detailed explanations: E0424, E0599.","code":null,"level":"failure-note","spans":[],"children":[],"rendered":"\u001b[0m\u001b[1mSome errors have detailed explanations: E0424, E0599.\u001b[0m\n"}
{"$message_type":"diagnostic","message":"For more information about an error, try `rustc --explain E0424`.","code":null,"level":"failure-note","spans":[],"children":[],"rendered":"\u001b[0m\u001b[1mFor more information about an error, try `rustc --explain E0424`.\u001b[0m\n"}
